<?xml version="1.0" encoding="UTF-8"?>
<!-- Generated by org.testng.reporters.JUnitXMLReporter -->
<testsuite ignored="0" hostname="DESKTOP-LHM7NSV" failures="0" tests="3" name="Default test" time="0.134" errors="0" timestamp="2023-02-21T13:57:43 SGT">
  <testcase classname="TestNGListenersDemo.TestNGListenerDemo2" name="@BeforeTest Setup_Test" time="-1.676959063713E9">
    <failure type="org.testng.TestNGException" message="
Parameter &amp;apos;browserName&amp;apos; is required by BeforeTest on method Setup_Test but has not been marked @Optional or defined
in C:\Users\Work-ThinkBIT\AppData\Local\Temp\testng-eclipse--1254868834\testng-customsuite.xml">
      <![CDATA[org.testng.TestNGException: 
Parameter 'browserName' is required by BeforeTest on method Setup_Test but has not been marked @Optional or defined
in C:\Users\Work-ThinkBIT\AppData\Local\Temp\testng-eclipse--1254868834\testng-customsuite.xml
at org.testng.internal.Parameters.createParams(Parameters.java:267)
at org.testng.internal.Parameters.createParametersForMethod(Parameters.java:355)
at org.testng.internal.Parameters.createParameters(Parameters.java:684)
at org.testng.internal.Parameters.createConfigurationParameters(Parameters.java:166)
at org.testng.internal.invokers.ConfigInvoker.invokeConfigurations(ConfigInvoker.java:277)
at org.testng.TestRunner.invokeTestConfigurations(TestRunner.java:644)
at org.testng.TestRunner.beforeRun(TestRunner.java:633)
at org.testng.TestRunner.run(TestRunner.java:595)
at org.testng.SuiteRunner.runTest(SuiteRunner.java:437)
at org.testng.SuiteRunner.runSequentially(SuiteRunner.java:431)
at org.testng.SuiteRunner.privateRun(SuiteRunner.java:391)
at org.testng.SuiteRunner.run(SuiteRunner.java:330)
at org.testng.SuiteRunnerWorker.runSuite(SuiteRunnerWorker.java:52)
at org.testng.SuiteRunnerWorker.run(SuiteRunnerWorker.java:95)
at org.testng.TestNG.runSuitesSequentially(TestNG.java:1256)
at org.testng.TestNG.runSuitesLocally(TestNG.java:1176)
at org.testng.TestNG.runSuites(TestNG.java:1099)
at org.testng.TestNG.run(TestNG.java:1067)
at org.testng.remote.AbstractRemoteTestNG.run(AbstractRemoteTestNG.java:115)
at org.testng.remote.RemoteTestNG.initAndRun(RemoteTestNG.java:251)
at org.testng.remote.RemoteTestNG.main(RemoteTestNG.java:77)
]]>
    </failure>
  </testcase> <!-- @BeforeTest Setup_Test -->
  <testcase classname="TestNGListenersDemo.TestNGListenerDemo2" name="@AfterTest Close_Setup" time="0.0">
    <skipped/>
  </testcase> <!-- @AfterTest Close_Setup -->
  <testcase classname="TestNGListenersDemo.TestNGListenerDemo2" name="go_to_url" time="0.001">
    <skipped/>
  </testcase> <!-- go_to_url -->
  <testcase classname="TestNGListenersDemo.TestNGListenerDemo2" name="input_text" time="0.0">
    <skipped/>
  </testcase> <!-- input_text -->
  <testcase classname="TestNGListenersDemo.TestNGListenerDemo2" name="search_input" time="0.001">
    <skipped/>
  </testcase> <!-- search_input -->
</testsuite> <!-- Default test -->
