<?xml version="1.0" encoding="UTF-8"?>
<!-- Generated by org.testng.reporters.JUnitXMLReporter -->
<testsuite ignored="0" hostname="DESKTOP-LHM7NSV" failures="2" tests="13" name="Test" time="30.212" errors="0" timestamp="2023-02-21T16:53:44 SGT">
  <testcase classname="TestNGListenersDemo.TestNGListenerDemo" name="demo1test1" time="5.014"/>
  <testcase classname="TestNGListenersDemo.TestNGListenerDemo" name="demo1test2" time="0.003"/>
  <testcase classname="TestNGListenersDemo.TestNGListenerDemo" name="demo1test3" time="0.005">
    <skipped/>
  </testcase> <!-- demo1test3 -->
  <testcase classname="TestNGListenersDemo.TestNGListenerDemo" name="demo1test3" time="0.002">
    <skipped/>
  </testcase> <!-- demo1test3 -->
  <testcase classname="TestNGListenersDemo.TestNGListenerDemo" name="demo1test3" time="0.002">
    <skipped/>
  </testcase> <!-- demo1test3 -->
  <testcase classname="TestNGListenersDemo.TestNGListenerDemo" name="demo1test3" time="0.004">
    <failure type="java.lang.AssertionError">
      <![CDATA[java.lang.AssertionError
at org.junit.Assert.fail(Assert.java:87)
at org.junit.Assert.assertTrue(Assert.java:42)
at org.junit.Assert.assertTrue(Assert.java:53)
at TestNGListenersDemo.TestNGListenerDemo.demo1test3(TestNGListenerDemo.java:49)
at java.base/java.util.ArrayList.forEach(ArrayList.java:1511)
at java.base/java.util.concurrent.FutureTask.run(FutureTask.java:264)
at java.base/java.util.concurrent.ThreadPoolExecutor.runWorker(ThreadPoolExecutor.java:1136)
at java.base/java.util.concurrent.ThreadPoolExecutor$Worker.run(ThreadPoolExecutor.java:635)
at java.base/java.lang.Thread.run(Thread.java:833)
... Removed 17 stack frames]]>
    </failure>
  </testcase> <!-- demo1test3 -->
  <testcase classname="TestNGListenersDemo.TestNGListenerDemo" name="demo1test4" time="0.003"/>
  <testcase classname="TestNGListenersDemo.TestNGListenerDemo2" name="go_to_url" time="1.299"/>
  <testcase classname="TestNGListenersDemo.TestNGListenerDemo2" name="input_text" time="5.003">
    <skipped/>
  </testcase> <!-- input_text -->
  <testcase classname="TestNGListenersDemo.TestNGListenerDemo2" name="input_text" time="5.008">
    <skipped/>
  </testcase> <!-- input_text -->
  <testcase classname="TestNGListenersDemo.TestNGListenerDemo2" name="input_text" time="5.011">
    <skipped/>
  </testcase> <!-- input_text -->
  <testcase classname="TestNGListenersDemo.TestNGListenerDemo2" name="input_text" time="5.004">
    <failure type="java.lang.NullPointerException" message="Cannot invoke &amp;quot;org.openqa.selenium.WebDriver.findElement(org.openqa.selenium.By)&amp;quot; because &amp;quot;this.driver&amp;quot; is null">
      <![CDATA[java.lang.NullPointerException: Cannot invoke "org.openqa.selenium.WebDriver.findElement(org.openqa.selenium.By)" because "this.driver" is null
at Pages.GoogleSearchPageObjects.Set_Text_in_searchbox(GoogleSearchPageObjects.java:24)
at TestNGListenersDemo.TestNGListenerDemo2.input_text(TestNGListenerDemo2.java:51)
at java.base/java.util.ArrayList.forEach(ArrayList.java:1511)
at java.base/java.util.concurrent.FutureTask.run(FutureTask.java:264)
at java.base/java.util.concurrent.ThreadPoolExecutor.runWorker(ThreadPoolExecutor.java:1136)
at java.base/java.util.concurrent.ThreadPoolExecutor$Worker.run(ThreadPoolExecutor.java:635)
at java.base/java.lang.Thread.run(Thread.java:833)
... Removed 17 stack frames]]>
    </failure>
  </testcase> <!-- input_text -->
  <testcase classname="TestNGListenersDemo.TestNGListenerDemo2" name="search_input" time="0.0">
    <skipped/>
  </testcase> <!-- search_input -->
</testsuite> <!-- Test -->
