<?xml version="1.0" encoding="UTF-8"?>
<!-- Generated by org.testng.reporters.JUnitReportReporter -->
<testsuite hostname="DESKTOP-LHM7NSV" failures="1" tests="7" name="TestNGListenersDemo.TestNGListenerDemo" time="5.033" errors="0" timestamp="2023-02-21T16:53:44 SGT" skipped="3">
  <testcase classname="TestNGListenersDemo.TestNGListenerDemo" name="demo1test3" time="0.002">
    <skipped/>
  </testcase> <!-- demo1test3 -->
  <system-out/>
  <testcase classname="TestNGListenersDemo.TestNGListenerDemo" name="demo1test4" time="0.003"/>
  <system-out/>
  <testcase classname="TestNGListenersDemo.TestNGListenerDemo" name="demo1test3" time="0.005">
    <skipped/>
  </testcase> <!-- demo1test3 -->
  <system-out/>
  <testcase classname="TestNGListenersDemo.TestNGListenerDemo" name="demo1test2" time="0.003"/>
  <system-out/>
  <testcase classname="TestNGListenersDemo.TestNGListenerDemo" name="demo1test3" time="0.004">
    <failure type="java.lang.AssertionError">
      <![CDATA[java.lang.AssertionError
at org.junit.Assert.fail(Assert.java:87)
at org.junit.Assert.assertTrue(Assert.java:42)
at org.junit.Assert.assertTrue(Assert.java:53)
at TestNGListenersDemo.TestNGListenerDemo.demo1test3(TestNGListenerDemo.java:49)
at java.base/jdk.internal.reflect.NativeMethodAccessorImpl.invoke0(Native Method)
at java.base/jdk.internal.reflect.NativeMethodAccessorImpl.invoke(NativeMethodAccessorImpl.java:77)
at java.base/jdk.internal.reflect.DelegatingMethodAccessorImpl.invoke(DelegatingMethodAccessorImpl.java:43)
at java.base/java.lang.reflect.Method.invoke(Method.java:568)
at org.testng.internal.invokers.MethodInvocationHelper.invokeMethod(MethodInvocationHelper.java:139)
at org.testng.internal.invokers.TestInvoker.invokeMethod(TestInvoker.java:677)
at org.testng.internal.invokers.TestInvoker.retryFailed(TestInvoker.java:263)
at org.testng.internal.invokers.MethodRunner.runInSequence(MethodRunner.java:62)
at org.testng.internal.invokers.TestInvoker$MethodInvocationAgent.invoke(TestInvoker.java:969)
at org.testng.internal.invokers.TestInvoker.invokeTestMethods(TestInvoker.java:194)
at org.testng.internal.invokers.TestMethodWorker.invokeTestMethods(TestMethodWorker.java:148)
at org.testng.internal.invokers.TestMethodWorker.run(TestMethodWorker.java:128)
at java.base/java.util.ArrayList.forEach(ArrayList.java:1511)
at org.testng.TestRunner.privateRun(TestRunner.java:829)
at org.testng.TestRunner.run(TestRunner.java:602)
at org.testng.SuiteRunner.runTest(SuiteRunner.java:437)
at org.testng.SuiteRunner$SuiteWorker.run(SuiteRunner.java:475)
at org.testng.internal.thread.ThreadUtil.lambda$execute$0(ThreadUtil.java:58)
at java.base/java.util.concurrent.FutureTask.run(FutureTask.java:264)
at java.base/java.util.concurrent.ThreadPoolExecutor.runWorker(ThreadPoolExecutor.java:1136)
at java.base/java.util.concurrent.ThreadPoolExecutor$Worker.run(ThreadPoolExecutor.java:635)
at java.base/java.lang.Thread.run(Thread.java:833)
]]>
    </failure>
  </testcase> <!-- demo1test3 -->
  <system-out/>
  <testcase classname="TestNGListenersDemo.TestNGListenerDemo" name="demo1test3" time="0.002">
    <skipped/>
  </testcase> <!-- demo1test3 -->
  <system-out/>
  <testcase classname="TestNGListenersDemo.TestNGListenerDemo" name="demo1test1" time="5.014"/>
  <system-out/>
</testsuite> <!-- TestNGListenersDemo.TestNGListenerDemo -->
