<?xml version="1.0" encoding="UTF-8"?>
<!-- Generated by org.testng.reporters.JUnitReportReporter -->
<testsuite hostname="DESKTOP-LHM7NSV" failures="0" tests="6" name="TestNGListenersDemo.TestNGListenerDemo2" time="21.325" errors="1" timestamp="2023-02-21T16:53:44 SGT" skipped="4">
  <testcase classname="TestNGListenersDemo.TestNGListenerDemo2" name="input_text" time="5.011">
    <skipped/>
  </testcase> <!-- input_text -->
  <system-out/>
  <testcase classname="TestNGListenersDemo.TestNGListenerDemo2" name="go_to_url" time="1.299"/>
  <system-out/>
  <testcase classname="TestNGListenersDemo.TestNGListenerDemo2" name="input_text" time="5.003">
    <skipped/>
  </testcase> <!-- input_text -->
  <system-out/>
  <testcase classname="TestNGListenersDemo.TestNGListenerDemo2" name="input_text" time="5.004">
    <error message="Cannot invoke &quot;org.openqa.selenium.WebDriver.findElement(org.openqa.selenium.By)&quot; because &quot;this.driver&quot; is null" type="java.lang.NullPointerException">
      <![CDATA[java.lang.NullPointerException: Cannot invoke "org.openqa.selenium.WebDriver.findElement(org.openqa.selenium.By)" because "this.driver" is null
at Pages.GoogleSearchPageObjects.Set_Text_in_searchbox(GoogleSearchPageObjects.java:24)
at TestNGListenersDemo.TestNGListenerDemo2.input_text(TestNGListenerDemo2.java:51)
at java.base/jdk.internal.reflect.NativeMethodAccessorImpl.invoke0(Native Method)
at java.base/jdk.internal.reflect.NativeMethodAccessorImpl.invoke(NativeMethodAccessorImpl.java:77)
at java.base/jdk.internal.reflect.DelegatingMethodAccessorImpl.invoke(DelegatingMethodAccessorImpl.java:43)
at java.base/java.lang.reflect.Method.invoke(Method.java:568)
at org.testng.internal.invokers.MethodInvocationHelper.invokeMethod(MethodInvocationHelper.java:139)
at org.testng.internal.invokers.TestInvoker.invokeMethod(TestInvoker.java:677)
at org.testng.internal.invokers.TestInvoker.retryFailed(TestInvoker.java:263)
at org.testng.internal.invokers.MethodRunner.runInSequence(MethodRunner.java:62)
at org.testng.internal.invokers.TestInvoker$MethodInvocationAgent.invoke(TestInvoker.java:969)
at org.testng.internal.invokers.TestInvoker.invokeTestMethods(TestInvoker.java:194)
at org.testng.internal.invokers.TestMethodWorker.invokeTestMethods(TestMethodWorker.java:148)
at org.testng.internal.invokers.TestMethodWorker.run(TestMethodWorker.java:128)
at java.base/java.util.ArrayList.forEach(ArrayList.java:1511)
at org.testng.TestRunner.privateRun(TestRunner.java:829)
at org.testng.TestRunner.run(TestRunner.java:602)
at org.testng.SuiteRunner.runTest(SuiteRunner.java:437)
at org.testng.SuiteRunner$SuiteWorker.run(SuiteRunner.java:475)
at org.testng.internal.thread.ThreadUtil.lambda$execute$0(ThreadUtil.java:58)
at java.base/java.util.concurrent.FutureTask.run(FutureTask.java:264)
at java.base/java.util.concurrent.ThreadPoolExecutor.runWorker(ThreadPoolExecutor.java:1136)
at java.base/java.util.concurrent.ThreadPoolExecutor$Worker.run(ThreadPoolExecutor.java:635)
at java.base/java.lang.Thread.run(Thread.java:833)
]]>
    </error>
  </testcase> <!-- input_text -->
  <system-out/>
  <testcase classname="TestNGListenersDemo.TestNGListenerDemo2" name="input_text" time="5.008">
    <skipped/>
  </testcase> <!-- input_text -->
  <system-out/>
  <testcase classname="TestNGListenersDemo.TestNGListenerDemo2" name="search_input" time="0.000">
    <skipped/>
  </testcase> <!-- search_input -->
  <system-out/>
</testsuite> <!-- TestNGListenersDemo.TestNGListenerDemo2 -->
